0 silly argv {
0 silly argv   _: [ 'run' ],
0 silly argv   scope: '@didvault/app',
0 silly argv   parallel: true,
0 silly argv   lernaVersion: '5.1.8',
0 silly argv   '$0': '/Users/zhaohuaiyuan/Desktop/code/DIDVault/node_modules/.bin/lerna',
0 silly argv   script: 'dev:desktop'
0 silly argv }
1 notice cli v5.1.8
2 verbose rootPath /Users/zhaohuaiyuan/Desktop/code/DIDVault
3 error JSONError: Unexpected token "<" (0x3C) in JSON at position 3382 while parsing near "...\"marked\": \"4.0.18\",\n<<<<<<< Updated upst..." in packages/app/package.json
3 error
3 error [0m [90m 82 |[39m     [32m"lodash.throttle"[39m[33m:[39m [32m"^4.1.1"[39m[33m,[39m[0m
3 error [0m [90m 83 |[39m     [32m"marked"[39m[33m:[39m [32m"4.0.18"[39m[33m,[39m[0m
3 error [0m[31m[1m>[22m[39m[90m 84 |[39m [33m<<[39m[33m<<[39m[33m<<[39m[33m<[39m [33mUpdated[39m upstream[0m
3 error [0m [90m    |[39m [31m[1m^[22m[39m[0m
3 error [0m [90m 85 |[39m     [32m"material-icons"[39m[33m:[39m [32m"^1.13.9"[39m[33m,[39m[0m
3 error [0m [90m 86 |[39m [33m===[39m[33m===[39m[33m=[39m[0m
3 error [0m [90m 87 |[39m     [32m"material-icons"[39m[33m:[39m [32m"^1.10.5"[39m[33m,[39m[0m
3 error
3 error     at parseJson (/Users/zhaohuaiyuan/Desktop/code/DIDVault/node_modules/parse-json/index.js:29:21)
3 error     at parse (/Users/zhaohuaiyuan/Desktop/code/DIDVault/node_modules/load-json-file/index.js:15:9)
3 error     at module.exports (/Users/zhaohuaiyuan/Desktop/code/DIDVault/node_modules/load-json-file/index.js:18:47)
